Determining if the pthread_create exist failed with the following output:
Change Dir: /mnt/e/work/MYGithub/NoteBook/C C++/代码/Linux C/cmake-build-debug/CMakeFiles/CMakeTmp

Run Build Command:"/usr/bin/make" "cmTC_3e510/fast"
/usr/bin/make -f CMakeFiles/cmTC_3e510.dir/build.make CMakeFiles/cmTC_3e510.dir/build
make[1]: Entering directory '/mnt/e/work/MYGithub/NoteBook/C C++/代码/Linux C/cmake-build-debug/CMakeFiles/CMakeTmp'
Building C object CMakeFiles/cmTC_3e510.dir/CheckSymbolExists.c.o
/usr/bin/cc    -o CMakeFiles/cmTC_3e510.dir/CheckSymbolExists.c.o   -c "/mnt/e/work/MYGithub/NoteBook/C C++/代码/Linux C/cmake-build-debug/CMakeFiles/CMakeTmp/CheckSymbolExists.c"
Linking C executable cmTC_3e510
/usr/local/bin/cmake -E cmake_link_script CMakeFiles/cmTC_3e510.dir/link.txt --verbose=1
/usr/bin/cc      CMakeFiles/cmTC_3e510.dir/CheckSymbolExists.c.o  -o cmTC_3e510 
CMakeFiles/cmTC_3e510.dir/CheckSymbolExists.c.o: In function `main':
CheckSymbolExists.c:(.text+0x1b): undefined reference to `pthread_create'
collect2: error: ld returned 1 exit status
CMakeFiles/cmTC_3e510.dir/build.make:86: recipe for target 'cmTC_3e510' failed
make[1]: *** [cmTC_3e510] Error 1
make[1]: Leaving directory '/mnt/e/work/MYGithub/NoteBook/C C++/代码/Linux C/cmake-build-debug/CMakeFiles/CMakeTmp'
Makefile:121: recipe for target 'cmTC_3e510/fast' failed
make: *** [cmTC_3e510/fast] Error 2

File /mnt/e/work/MYGithub/NoteBook/C C++/代码/Linux C/cmake-build-debug/CMakeFiles/CMakeTmp/CheckSymbolExists.c:
/* */
#include <pthread.h>

int main(int argc, char** argv)
{
  (void)argv;
#ifndef pthread_create
  return ((int*)(&pthread_create))[argc];
#else
  (void)argc;
  return 0;
#endif
}

Determining if the function pthread_create exists in the pthreads failed with the following output:
Change Dir: /mnt/e/work/MYGithub/NoteBook/C C++/代码/Linux C/cmake-build-debug/CMakeFiles/CMakeTmp

Run Build Command:"/usr/bin/make" "cmTC_53043/fast"
/usr/bin/make -f CMakeFiles/cmTC_53043.dir/build.make CMakeFiles/cmTC_53043.dir/build
make[1]: Entering directory '/mnt/e/work/MYGithub/NoteBook/C C++/代码/Linux C/cmake-build-debug/CMakeFiles/CMakeTmp'
Building C object CMakeFiles/cmTC_53043.dir/CheckFunctionExists.c.o
/usr/bin/cc   -DCHECK_FUNCTION_EXISTS=pthread_create   -o CMakeFiles/cmTC_53043.dir/CheckFunctionExists.c.o   -c /usr/local/share/cmake-3.13/Modules/CheckFunctionExists.c
Linking C executable cmTC_53043
/usr/local/bin/cmake -E cmake_link_script CMakeFiles/cmTC_53043.dir/link.txt --verbose=1
/usr/bin/cc  -DCHECK_FUNCTION_EXISTS=pthread_create    CMakeFiles/cmTC_53043.dir/CheckFunctionExists.c.o  -o cmTC_53043 -lpthreads 
/usr/bin/ld: cannot find -lpthreads
collect2: error: ld returned 1 exit status
CMakeFiles/cmTC_53043.dir/build.make:86: recipe for target 'cmTC_53043' failed
make[1]: *** [cmTC_53043] Error 1
make[1]: Leaving directory '/mnt/e/work/MYGithub/NoteBook/C C++/代码/Linux C/cmake-build-debug/CMakeFiles/CMakeTmp'
Makefile:121: recipe for target 'cmTC_53043/fast' failed
make: *** [cmTC_53043/fast] Error 2


